{"name":"Проверка action quack утки с корректным звуком и четным ID","status":"broken","statusDetails":{"known":false,"muted":false,"flaky":false,"message":"Failed to validate JSON text:\r\n{\"sound\":\"moo\"} Values not equal for entry: 'sound', expected 'quack' but was 'moo'","trace":"com.consol.citrus.exceptions.TestCaseFailedException: Failed to validate JSON text:\r\n{\"sound\":\"moo\"} Values not equal for entry: 'sound', expected 'quack' but was 'moo'\r\n\tat com.consol.citrus.DefaultTestCase.executeAction(DefaultTestCase.java:143)\r\n\tat com.consol.citrus.DefaultTestCaseRunner.run(DefaultTestCaseRunner.java:125)\r\n\tat com.consol.citrus.TestActionRunner.$(TestActionRunner.java:35)\r\n\tat autotests.clients.DuckActionsClient.validateResponse(DuckActionsClient.java:152)\r\n\tat autotests.tests.duckActionController.ApiDuckActionQuackTest.quackWithEvenId(ApiDuckActionQuackTest.java:63)\r\n\tat java.base/jdk.internal.reflect.NativeMethodAccessorImpl.invoke0(Native Method)\r\n\tat java.base/jdk.internal.reflect.NativeMethodAccessorImpl.invoke(NativeMethodAccessorImpl.java:62)\r\n\tat java.base/jdk.internal.reflect.DelegatingMethodAccessorImpl.invoke(DelegatingMethodAccessorImpl.java:43)\r\n\tat java.base/java.lang.reflect.Method.invoke(Method.java:566)\r\n\tat org.springframework.util.ReflectionUtils.invokeMethod(ReflectionUtils.java:282)\r\n\tat com.consol.citrus.testng.TestNGHelper.lambda$invokeTestMethod$1(TestNGHelper.java:82)\r\n\tat com.consol.citrus.common.DefaultTestLoader.lambda$doLoad$1(DefaultTestLoader.java:116)\r\n\tat java.base/java.util.ArrayList.forEach(ArrayList.java:1540)\r\n\tat com.consol.citrus.common.DefaultTestLoader.doLoad(DefaultTestLoader.java:116)\r\n\tat com.consol.citrus.common.DefaultTestLoader.load(DefaultTestLoader.java:94)\r\n\tat com.consol.citrus.testng.TestNGHelper.invokeTestMethod(TestNGHelper.java:83)\r\n\tat com.consol.citrus.testng.spring.TestNGCitrusSpringSupport.run(TestNGCitrusSpringSupport.java:185)\r\n\tat com.consol.citrus.testng.spring.TestNGCitrusSpringSupport.run(TestNGCitrusSpringSupport.java:101)\r\n\tat org.testng.internal.invokers.MethodInvocationHelper.invokeHookable(MethodInvocationHelper.java:272)\r\n\tat org.testng.internal.invokers.TestInvoker.invokeMethod(TestInvoker.java:669)\r\n\tat org.testng.internal.invokers.TestInvoker.invokeTestMethod(TestInvoker.java:221)\r\n\tat org.testng.internal.invokers.MethodRunner.runInSequence(MethodRunner.java:50)\r\n\tat org.testng.internal.invokers.TestInvoker$MethodInvocationAgent.invoke(TestInvoker.java:969)\r\n\tat org.testng.internal.invokers.TestInvoker.invokeTestMethods(TestInvoker.java:194)\r\n\tat org.testng.internal.invokers.TestMethodWorker.invokeTestMethods(TestMethodWorker.java:148)\r\n\tat org.testng.internal.invokers.TestMethodWorker.run(TestMethodWorker.java:128)\r\n\tat java.base/java.util.ArrayList.forEach(ArrayList.java:1540)\r\n\tat org.testng.TestRunner.privateRun(TestRunner.java:829)\r\n\tat org.testng.TestRunner.run(TestRunner.java:602)\r\n\tat org.testng.SuiteRunner.runTest(SuiteRunner.java:437)\r\n\tat org.testng.SuiteRunner.runSequentially(SuiteRunner.java:431)\r\n\tat org.testng.SuiteRunner.privateRun(SuiteRunner.java:391)\r\n\tat org.testng.SuiteRunner.run(SuiteRunner.java:330)\r\n\tat org.testng.SuiteRunnerWorker.runSuite(SuiteRunnerWorker.java:52)\r\n\tat org.testng.SuiteRunnerWorker.run(SuiteRunnerWorker.java:95)\r\n\tat org.testng.TestNG.runSuitesSequentially(TestNG.java:1256)\r\n\tat org.testng.TestNG.runSuitesLocally(TestNG.java:1176)\r\n\tat org.testng.TestNG.runSuites(TestNG.java:1099)\r\n\tat org.testng.TestNG.run(TestNG.java:1067)\r\n\tat org.gradle.api.internal.tasks.testing.testng.TestNGTestClassProcessor.runTests(TestNGTestClassProcessor.java:153)\r\n\tat org.gradle.api.internal.tasks.testing.testng.TestNGTestClassProcessor.stop(TestNGTestClassProcessor.java:96)\r\n\tat org.gradle.api.internal.tasks.testing.SuiteTestClassProcessor.stop(SuiteTestClassProcessor.java:62)\r\n\tat java.base/jdk.internal.reflect.NativeMethodAccessorImpl.invoke0(Native Method)\r\n\tat java.base/jdk.internal.reflect.NativeMethodAccessorImpl.invoke(NativeMethodAccessorImpl.java:62)\r\n\tat java.base/jdk.internal.reflect.DelegatingMethodAccessorImpl.invoke(DelegatingMethodAccessorImpl.java:43)\r\n\tat java.base/java.lang.reflect.Method.invoke(Method.java:566)\r\n\tat org.gradle.internal.dispatch.ReflectionDispatch.dispatch(ReflectionDispatch.java:36)\r\n\tat org.gradle.internal.dispatch.ReflectionDispatch.dispatch(ReflectionDispatch.java:24)\r\n\tat org.gradle.internal.dispatch.ContextClassLoaderDispatch.dispatch(ContextClassLoaderDispatch.java:33)\r\n\tat org.gradle.internal.dispatch.ProxyDispatchAdapter$DispatchingInvocationHandler.invoke(ProxyDispatchAdapter.java:94)\r\n\tat com.sun.proxy.$Proxy2.stop(Unknown Source)\r\n\tat org.gradle.api.internal.tasks.testing.worker.TestWorker$3.run(TestWorker.java:193)\r\n\tat org.gradle.api.internal.tasks.testing.worker.TestWorker.executeAndMaintainThreadName(TestWorker.java:129)\r\n\tat org.gradle.api.internal.tasks.testing.worker.TestWorker.execute(TestWorker.java:100)\r\n\tat org.gradle.api.internal.tasks.testing.worker.TestWorker.execute(TestWorker.java:60)\r\n\tat org.gradle.process.internal.worker.child.ActionExecutionWorker.execute(ActionExecutionWorker.java:56)\r\n\tat org.gradle.process.internal.worker.child.SystemApplicationClassLoaderWorker.call(SystemApplicationClassLoaderWorker.java:119)\r\n\tat org.gradle.process.internal.worker.child.SystemApplicationClassLoaderWorker.call(SystemApplicationClassLoaderWorker.java:66)\r\n\tat worker.org.gradle.process.internal.worker.GradleWorkerMain.run(GradleWorkerMain.java:69)\r\n\tat worker.org.gradle.process.internal.worker.GradleWorkerMain.main(GradleWorkerMain.java:74)\r\nCaused by: com.consol.citrus.exceptions.ValidationException: Failed to validate JSON text:\r\n{\"sound\":\"moo\"} Values not equal for entry: 'sound', expected 'quack' but was 'moo'\r\n\tat com.consol.citrus.validation.json.JsonTextMessageValidator.validateMessage(JsonTextMessageValidator.java:114)\r\n\tat com.consol.citrus.validation.json.JsonTextMessageValidator.validateMessage(JsonTextMessageValidator.java:58)\r\n\tat com.consol.citrus.validation.AbstractMessageValidator.validateMessage(AbstractMessageValidator.java:46)\r\n\tat com.consol.citrus.actions.ReceiveMessageAction.validateMessage(ReceiveMessageAction.java:279)\r\n\tat com.consol.citrus.actions.ReceiveMessageAction.doExecute(ReceiveMessageAction.java:168)\r\n\tat com.consol.citrus.actions.AbstractTestAction.execute(AbstractTestAction.java:59)\r\n\tat com.consol.citrus.DefaultTestCase.executeAction(DefaultTestCase.java:136)\r\n\t... 59 more\r\nCaused by: java.lang.IllegalArgumentException: Values not equal for entry: 'sound', expected 'quack' but was 'moo'\r\n\tat org.springframework.util.Assert.isTrue(Assert.java:121)\r\n\tat com.consol.citrus.validation.json.JsonTextMessageValidator.validateJson(JsonTextMessageValidator.java:211)\r\n\tat com.consol.citrus.validation.json.JsonTextMessageValidator.validateMessage(JsonTextMessageValidator.java:102)\r\n\t... 65 more\r\n"},"stage":"finished","steps":[{"name":"Эндпоинт для удаления утки через БД в конце теста","status":"passed","stage":"finished","steps":[],"attachments":[],"parameters":[{"name":"runner","value":"com.consol.citrus.DefaultTestCaseRunner@551725e4"}],"start":1738312773805,"stop":1738312773805},{"name":"Эндпоинт для создания утки через БД","status":"passed","stage":"finished","steps":[{"name":"Эндпоинт для взаимодействия с БД","status":"passed","stage":"finished","steps":[],"attachments":[],"parameters":[{"name":"runner","value":"com.consol.citrus.DefaultTestCaseRunner@551725e4"},{"name":"sql","value":"insert into DUCK (id, color, height, material, sound, wings_state) values (${duckId}, '${color}', ${height}, '${material}', '${sound}', '${wings_state}');"}],"start":1738312773806,"stop":1738312773809}],"attachments":[],"parameters":[{"name":"runner","value":"com.consol.citrus.DefaultTestCaseRunner@551725e4"},{"name":"id","value":"576556"},{"name":"duck","value":"autotests.payloads.Duck@760d6350"}],"start":1738312773805,"stop":1738312773809},{"name":"Эндпоинт для валидации данных утки через БД","status":"passed","stage":"finished","steps":[],"attachments":[],"parameters":[{"name":"runner","value":"com.consol.citrus.DefaultTestCaseRunner@551725e4"},{"name":"id","value":"${duckId}"},{"name":"duck","value":"autotests.payloads.Duck@760d6350"}],"start":1738312773809,"stop":1738312773812},{"name":"Эндпоинт для метода Quack","status":"passed","stage":"finished","steps":[],"attachments":[],"parameters":[{"name":"runner","value":"com.consol.citrus.DefaultTestCaseRunner@551725e4"},{"name":"id","value":"${duckId}"},{"name":"repetitionCount","value":"1"},{"name":"soundCount","value":"1"}],"start":1738312773814,"stop":1738312773834},{"name":"Эндпоинт для валидации ответа от сервера","status":"broken","statusDetails":{"known":false,"muted":false,"flaky":false,"message":"Failed to validate JSON text:\r\n{\"sound\":\"moo\"} Values not equal for entry: 'sound', expected 'quack' but was 'moo'","trace":"com.consol.citrus.exceptions.TestCaseFailedException: Failed to validate JSON text:\r\n{\"sound\":\"moo\"} Values not equal for entry: 'sound', expected 'quack' but was 'moo'\r\n\tat com.consol.citrus.DefaultTestCase.executeAction(DefaultTestCase.java:143)\r\n\tat com.consol.citrus.DefaultTestCaseRunner.run(DefaultTestCaseRunner.java:125)\r\n\tat com.consol.citrus.TestActionRunner.$(TestActionRunner.java:35)\r\n\tat autotests.clients.DuckActionsClient.validateResponse(DuckActionsClient.java:152)\r\n\tat autotests.tests.duckActionController.ApiDuckActionQuackTest.quackWithEvenId(ApiDuckActionQuackTest.java:63)\r\n\tat java.base/jdk.internal.reflect.NativeMethodAccessorImpl.invoke0(Native Method)\r\n\tat java.base/jdk.internal.reflect.NativeMethodAccessorImpl.invoke(NativeMethodAccessorImpl.java:62)\r\n\tat java.base/jdk.internal.reflect.DelegatingMethodAccessorImpl.invoke(DelegatingMethodAccessorImpl.java:43)\r\n\tat java.base/java.lang.reflect.Method.invoke(Method.java:566)\r\n\tat org.springframework.util.ReflectionUtils.invokeMethod(ReflectionUtils.java:282)\r\n\tat com.consol.citrus.testng.TestNGHelper.lambda$invokeTestMethod$1(TestNGHelper.java:82)\r\n\tat com.consol.citrus.common.DefaultTestLoader.lambda$doLoad$1(DefaultTestLoader.java:116)\r\n\tat java.base/java.util.ArrayList.forEach(ArrayList.java:1540)\r\n\tat com.consol.citrus.common.DefaultTestLoader.doLoad(DefaultTestLoader.java:116)\r\n\tat com.consol.citrus.common.DefaultTestLoader.load(DefaultTestLoader.java:94)\r\n\tat com.consol.citrus.testng.TestNGHelper.invokeTestMethod(TestNGHelper.java:83)\r\n\tat com.consol.citrus.testng.spring.TestNGCitrusSpringSupport.run(TestNGCitrusSpringSupport.java:185)\r\n\tat com.consol.citrus.testng.spring.TestNGCitrusSpringSupport.run(TestNGCitrusSpringSupport.java:101)\r\n\tat org.testng.internal.invokers.MethodInvocationHelper.invokeHookable(MethodInvocationHelper.java:272)\r\n\tat org.testng.internal.invokers.TestInvoker.invokeMethod(TestInvoker.java:669)\r\n\tat org.testng.internal.invokers.TestInvoker.invokeTestMethod(TestInvoker.java:221)\r\n\tat org.testng.internal.invokers.MethodRunner.runInSequence(MethodRunner.java:50)\r\n\tat org.testng.internal.invokers.TestInvoker$MethodInvocationAgent.invoke(TestInvoker.java:969)\r\n\tat org.testng.internal.invokers.TestInvoker.invokeTestMethods(TestInvoker.java:194)\r\n\tat org.testng.internal.invokers.TestMethodWorker.invokeTestMethods(TestMethodWorker.java:148)\r\n\tat org.testng.internal.invokers.TestMethodWorker.run(TestMethodWorker.java:128)\r\n\tat java.base/java.util.ArrayList.forEach(ArrayList.java:1540)\r\n\tat org.testng.TestRunner.privateRun(TestRunner.java:829)\r\n\tat org.testng.TestRunner.run(TestRunner.java:602)\r\n\tat org.testng.SuiteRunner.runTest(SuiteRunner.java:437)\r\n\tat org.testng.SuiteRunner.runSequentially(SuiteRunner.java:431)\r\n\tat org.testng.SuiteRunner.privateRun(SuiteRunner.java:391)\r\n\tat org.testng.SuiteRunner.run(SuiteRunner.java:330)\r\n\tat org.testng.SuiteRunnerWorker.runSuite(SuiteRunnerWorker.java:52)\r\n\tat org.testng.SuiteRunnerWorker.run(SuiteRunnerWorker.java:95)\r\n\tat org.testng.TestNG.runSuitesSequentially(TestNG.java:1256)\r\n\tat org.testng.TestNG.runSuitesLocally(TestNG.java:1176)\r\n\tat org.testng.TestNG.runSuites(TestNG.java:1099)\r\n\tat org.testng.TestNG.run(TestNG.java:1067)\r\n\tat org.gradle.api.internal.tasks.testing.testng.TestNGTestClassProcessor.runTests(TestNGTestClassProcessor.java:153)\r\n\tat org.gradle.api.internal.tasks.testing.testng.TestNGTestClassProcessor.stop(TestNGTestClassProcessor.java:96)\r\n\tat org.gradle.api.internal.tasks.testing.SuiteTestClassProcessor.stop(SuiteTestClassProcessor.java:62)\r\n\tat java.base/jdk.internal.reflect.NativeMethodAccessorImpl.invoke0(Native Method)\r\n\tat java.base/jdk.internal.reflect.NativeMethodAccessorImpl.invoke(NativeMethodAccessorImpl.java:62)\r\n\tat java.base/jdk.internal.reflect.DelegatingMethodAccessorImpl.invoke(DelegatingMethodAccessorImpl.java:43)\r\n\tat java.base/java.lang.reflect.Method.invoke(Method.java:566)\r\n\tat org.gradle.internal.dispatch.ReflectionDispatch.dispatch(ReflectionDispatch.java:36)\r\n\tat org.gradle.internal.dispatch.ReflectionDispatch.dispatch(ReflectionDispatch.java:24)\r\n\tat org.gradle.internal.dispatch.ContextClassLoaderDispatch.dispatch(ContextClassLoaderDispatch.java:33)\r\n\tat org.gradle.internal.dispatch.ProxyDispatchAdapter$DispatchingInvocationHandler.invoke(ProxyDispatchAdapter.java:94)\r\n\tat com.sun.proxy.$Proxy2.stop(Unknown Source)\r\n\tat org.gradle.api.internal.tasks.testing.worker.TestWorker$3.run(TestWorker.java:193)\r\n\tat org.gradle.api.internal.tasks.testing.worker.TestWorker.executeAndMaintainThreadName(TestWorker.java:129)\r\n\tat org.gradle.api.internal.tasks.testing.worker.TestWorker.execute(TestWorker.java:100)\r\n\tat org.gradle.api.internal.tasks.testing.worker.TestWorker.execute(TestWorker.java:60)\r\n\tat org.gradle.process.internal.worker.child.ActionExecutionWorker.execute(ActionExecutionWorker.java:56)\r\n\tat org.gradle.process.internal.worker.child.SystemApplicationClassLoaderWorker.call(SystemApplicationClassLoaderWorker.java:119)\r\n\tat org.gradle.process.internal.worker.child.SystemApplicationClassLoaderWorker.call(SystemApplicationClassLoaderWorker.java:66)\r\n\tat worker.org.gradle.process.internal.worker.GradleWorkerMain.run(GradleWorkerMain.java:69)\r\n\tat worker.org.gradle.process.internal.worker.GradleWorkerMain.main(GradleWorkerMain.java:74)\r\nCaused by: com.consol.citrus.exceptions.ValidationException: Failed to validate JSON text:\r\n{\"sound\":\"moo\"} Values not equal for entry: 'sound', expected 'quack' but was 'moo'\r\n\tat com.consol.citrus.validation.json.JsonTextMessageValidator.validateMessage(JsonTextMessageValidator.java:114)\r\n\tat com.consol.citrus.validation.json.JsonTextMessageValidator.validateMessage(JsonTextMessageValidator.java:58)\r\n\tat com.consol.citrus.validation.AbstractMessageValidator.validateMessage(AbstractMessageValidator.java:46)\r\n\tat com.consol.citrus.actions.ReceiveMessageAction.validateMessage(ReceiveMessageAction.java:279)\r\n\tat com.consol.citrus.actions.ReceiveMessageAction.doExecute(ReceiveMessageAction.java:168)\r\n\tat com.consol.citrus.actions.AbstractTestAction.execute(AbstractTestAction.java:59)\r\n\tat com.consol.citrus.DefaultTestCase.executeAction(DefaultTestCase.java:136)\r\n\t... 59 more\r\nCaused by: java.lang.IllegalArgumentException: Values not equal for entry: 'sound', expected 'quack' but was 'moo'\r\n\tat org.springframework.util.Assert.isTrue(Assert.java:121)\r\n\tat com.consol.citrus.validation.json.JsonTextMessageValidator.validateJson(JsonTextMessageValidator.java:211)\r\n\tat com.consol.citrus.validation.json.JsonTextMessageValidator.validateMessage(JsonTextMessageValidator.java:102)\r\n\t... 65 more\r\n"},"stage":"finished","steps":[],"attachments":[],"parameters":[{"name":"runner","value":"com.consol.citrus.DefaultTestCaseRunner@551725e4"},{"name":"status","value":"200 OK"},{"name":"body","value":"autotests.payloads.QuackResponse@15ea0ca3"}],"start":1738312773834,"stop":1738312773860},{"name":"Эндпоинт для взаимодействия с БД","status":"passed","stage":"finished","steps":[],"attachments":[],"parameters":[{"name":"runner","value":"com.consol.citrus.DefaultTestCaseRunner@551725e4"},{"name":"sql","value":"delete from DUCK where id = ${duckId};"}],"start":1738312773861,"stop":1738312773862}],"attachments":[],"parameters":[{"name":"arg0","value":"null"}],"start":1738312773796,"stop":1738312773867,"uuid":"6ced132d-7957-4431-9080-a91ad5888fb3","historyId":"2c668427ae05030b03028843e1a450f0","fullName":"autotests.tests.duckActionController.ApiDuckActionQuackTest.quackWithEvenId","labels":[{"name":"package","value":"autotests.tests.duckActionController.ApiDuckActionQuackTest"},{"name":"testClass","value":"autotests.tests.duckActionController.ApiDuckActionQuackTest"},{"name":"testMethod","value":"quackWithEvenId"},{"name":"parentSuite","value":"Gradle suite"},{"name":"suite","value":"Gradle test"},{"name":"subSuite","value":"autotests.tests.duckActionController.ApiDuckActionQuackTest"},{"name":"host","value":"LAPTOP-GAHKMU3D"},{"name":"thread","value":"8612@LAPTOP-GAHKMU3D.Test worker(1)"},{"name":"framework","value":"testng"},{"name":"language","value":"java"},{"name":"epic","value":"Тесты на duck-action-controller"},{"name":"feature","value":"Эндпоинт /api/duck/action/quack"}],"links":[]}